{"level":"error","message":"Failed to send OTP email: emailTemplates.restaurantVerificationOtp is not a function","stack":"TypeError: emailTemplates.restaurantVerificationOtp is not a function\n    at /Users/tanushmahale/Documents/Table_mint_complete/tablemint-backend/src/controllers/restaurantController.js:99:37\n    at process.processTicksAndRejections (node:internal/process/task_queues:103:5)","timestamp":"2026-04-01 09:49:47"}
{"level":"error","message":"Failed to send admin credentials email: emailTemplates.restaurantAdminCredentials is not a function","stack":"TypeError: emailTemplates.restaurantAdminCredentials is not a function\n    at /Users/tanushmahale/Documents/Table_mint_complete/tablemint-backend/src/controllers/restaurantController.js:304:37\n    at process.processTicksAndRejections (node:internal/process/task_queues:103:5)","timestamp":"2026-04-01 09:49:48"}
{"level":"error","message":"400 - \"restaurant\" is required. \"date\" is required. \"time\" is required. \"partySize\" is required - /api/reservations","timestamp":"2026-04-01 23:33:54"}
{"level":"error","message":"400 - \"restaurant\" is required. \"date\" is required. \"time\" is required. \"partySize\" is required - /api/reservations","timestamp":"2026-04-01 23:38:56"}
{"level":"error","message":"400 - \"restaurant\" is required. \"date\" is required. \"time\" is required. \"partySize\" is required - /api/reservations","timestamp":"2026-04-01 23:39:22"}
{"level":"error","message":"400 - \"restaurant\" is required. \"date\" is required. \"time\" is required. \"partySize\" is required - /api/reservations","timestamp":"2026-04-01 23:39:35"}
{"level":"error","message":"400 - \"restaurant\" is required. \"date\" is required. \"time\" is required. \"partySize\" is required - /api/reservations","timestamp":"2026-04-01 23:39:35"}
{"level":"error","message":"400 - \"restaurant\" is required. \"date\" is required. \"time\" is required. \"partySize\" is required - /api/reservations","timestamp":"2026-04-01 23:39:36"}
{"level":"error","message":"400 - \"restaurant\" is required. \"date\" is required. \"time\" is required. \"partySize\" is required - /api/reservations","timestamp":"2026-04-01 23:39:36"}
{"level":"error","message":"400 - \"restaurant\" is required. \"date\" is required. \"time\" is required. \"partySize\" is required - /api/reservations","timestamp":"2026-04-01 23:39:36"}
{"level":"error","message":"Email send failed: Invalid login: 535-5.7.8 Username and Password not accepted. For more information, go to\n535 5.7.8  https://support.google.com/mail/?p=BadCredentials d2e1a72fcca58-82cf9b2443dsm1577905b3a.4 - gsmtp","timestamp":"2026-04-02 08:18:29"}
{"level":"error","message":"401 - Invalid email or password. - /api/auth/login","timestamp":"2026-04-02 08:19:56"}
{"level":"error","message":"Email send failed: Invalid login: 535-5.7.8 Username and Password not accepted. For more information, go to\n535 5.7.8  https://support.google.com/mail/?p=BadCredentials 98e67ed59e1d1-35dbb8932ecsm3030703a91.5 - gsmtp","timestamp":"2026-04-02 08:20:12"}
{"level":"error","message":"400 - An account with this email already exists. - /api/restaurants/69cc9ce31e353d3952cd1863/create-admin","timestamp":"2026-04-03 15:05:50"}
{"level":"error","message":"401 - Invalid email or password. - /api/auth/login","timestamp":"2026-04-03 15:07:15"}
{"level":"error","message":"Email send failed: Invalid login: 535-5.7.8 Username and Password not accepted. For more information, go to\n535 5.7.8  https://support.google.com/mail/?p=BadCredentials d9443c01a7336-2b2749a4091sm104484785ad.64 - gsmtp","timestamp":"2026-04-05 10:46:12"}
{"level":"error","message":"Email send failed: Invalid login: 535-5.7.8 Username and Password not accepted. For more information, go to\n535 5.7.8  https://support.google.com/mail/?p=BadCredentials d9443c01a7336-2b2749b2423sm225936015ad.67 - gsmtp","timestamp":"2026-04-07 16:59:28"}
{"level":"error","message":"404 - Route / not found. - /","timestamp":"2026-04-07 17:37:24"}
{"level":"error","message":"404 - Route /favicon.ico not found. - /favicon.ico","timestamp":"2026-04-07 17:37:24"}
{"level":"error","message":"404 - Route /api/groups not found. - /api/groups","timestamp":"2026-04-07 18:27:31"}
{"level":"error","message":"404 - Route /api/groups not found. - /api/groups","timestamp":"2026-04-07 18:27:31"}
{"level":"error","message":"404 - Route /api/groups not found. - /api/groups","timestamp":"2026-04-07 18:28:03"}
{"level":"error","message":"404 - Route /api/groups not found. - /api/groups","timestamp":"2026-04-07 18:28:03"}
{"level":"error","message":"404 - Route /api/groups not found. - /api/groups","timestamp":"2026-04-07 18:28:30"}
{"level":"error","message":"404 - Route /api/groups not found. - /api/groups","timestamp":"2026-04-07 18:28:30"}
{"level":"error","message":"404 - Route /api/groups not found. - /api/groups","timestamp":"2026-04-07 18:29:24"}
{"level":"error","message":"404 - Route /api/groups not found. - /api/groups","timestamp":"2026-04-07 18:29:36"}
{"level":"error","message":"404 - Route /api/groups not found. - /api/groups","timestamp":"2026-04-07 18:29:37"}
{"level":"error","message":"404 - Route /api/groups not found. - /api/groups","timestamp":"2026-04-07 18:29:50"}
{"level":"error","message":"404 - Route /api/groups not found. - /api/groups","timestamp":"2026-04-07 18:29:51"}
{"level":"error","message":"404 - Route /api/groups not found. - /api/groups","timestamp":"2026-04-07 18:30:09"}
{"level":"error","message":"404 - Route /api/groups not found. - /api/groups","timestamp":"2026-04-07 18:42:47"}
{"level":"error","message":"404 - Route /api/groups not found. - /api/groups","timestamp":"2026-04-07 18:42:47"}
{"level":"error","message":"404 - Route /api/groups not found. - /api/groups","timestamp":"2026-04-07 18:43:04"}
{"level":"error","message":"404 - Route /api/groups/69d505e0981bd0c186109930/share-restaurant not found. - /api/groups/69d505e0981bd0c186109930/share-restaurant","timestamp":"2026-04-07 19:37:32"}
{"level":"error","message":"404 - Route /api/groups/69d505e0981bd0c186109930/share-restaurant not found. - /api/groups/69d505e0981bd0c186109930/share-restaurant","timestamp":"2026-04-07 19:38:05"}
{"level":"error","message":"404 - Route /api/groups/69d505e0981bd0c186109930/share-restaurant not found. - /api/groups/69d505e0981bd0c186109930/share-restaurant","timestamp":"2026-04-07 19:39:16"}
{"level":"error","message":"404 - Route /api/groups/69d505e0981bd0c186109930/share-restaurant not found. - /api/groups/69d505e0981bd0c186109930/share-restaurant","timestamp":"2026-04-07 19:39:46"}
{"level":"error","message":"404 - Route /api/groups/69d51040981bd0c186109c43/share-restaurant not found. - /api/groups/69d51040981bd0c186109c43/share-restaurant","timestamp":"2026-04-07 19:40:18"}
{"level":"error","message":"404 - Route /api/groups/69d505e0981bd0c186109930/share-restaurant not found. - /api/groups/69d505e0981bd0c186109930/share-restaurant","timestamp":"2026-04-07 19:40:19"}
{"level":"error","message":"404 - Route /api/groups/69d51040981bd0c186109c43/share-restaurant not found. - /api/groups/69d51040981bd0c186109c43/share-restaurant","timestamp":"2026-04-07 19:40:23"}
{"level":"error","message":"404 - Route /api/groups/69d505e0981bd0c186109930/share-restaurant not found. - /api/groups/69d505e0981bd0c186109930/share-restaurant","timestamp":"2026-04-07 19:40:24"}
{"level":"error","message":"404 - Route /api/groups/69d505e0981bd0c186109930/share-restaurant not found. - /api/groups/69d505e0981bd0c186109930/share-restaurant","timestamp":"2026-04-07 19:42:33"}
{"level":"error","message":"404 - Route /api/groups/69d51040981bd0c186109c43/share-restaurant not found. - /api/groups/69d51040981bd0c186109c43/share-restaurant","timestamp":"2026-04-07 19:47:23"}
{"level":"error","message":"404 - Route /api/groups/69d505e0981bd0c186109930/share-restaurant not found. - /api/groups/69d505e0981bd0c186109930/share-restaurant","timestamp":"2026-04-07 19:47:23"}
{"level":"error","message":"404 - Restaurant not found. - /api/restaurants/nearby?lat=18.45604609796075&lng=73.85320089252757&maxDistance=20","timestamp":"2026-04-07 23:59:44"}
{"level":"error","message":"404 - Restaurant not found. - /api/restaurants/nearby?lat=18.456041569963187&lng=73.85317071717226&maxDistance=20","timestamp":"2026-04-07 23:59:52"}
{"level":"error","message":"404 - Restaurant not found. - /api/restaurants/nearby?lat=18.45604379744482&lng=73.85316890049864&maxDistance=20","timestamp":"2026-04-07 23:59:53"}
{"level":"error","message":"404 - Route /api/admin/analytics not found. - /api/admin/analytics","timestamp":"2026-04-08 00:21:38"}
{"level":"error","message":"404 - Route /api/admin/analytics not found. - /api/admin/analytics","timestamp":"2026-04-08 00:21:38"}
{"level":"error","message":"404 - Route /api/admin/reservations not found. - /api/admin/reservations","timestamp":"2026-04-08 00:21:54"}
{"level":"error","message":"404 - Route /api/admin/reservations not found. - /api/admin/reservations","timestamp":"2026-04-08 00:21:54"}
{"level":"error","message":"404 - Route /api/admin/menu not found. - /api/admin/menu","timestamp":"2026-04-08 00:21:55"}
{"level":"error","message":"404 - Route /api/admin/menu not found. - /api/admin/menu","timestamp":"2026-04-08 00:21:55"}
{"level":"error","message":"404 - Route /api/admin/analytics not found. - /api/admin/analytics","timestamp":"2026-04-08 00:22:40"}
{"level":"error","message":"404 - Route /api/admin/analytics not found. - /api/admin/analytics","timestamp":"2026-04-08 00:22:40"}
{"level":"error","message":"404 - Route /api/admin/reservations not found. - /api/admin/reservations","timestamp":"2026-04-08 00:22:43"}
{"level":"error","message":"404 - Route /api/admin/reservations not found. - /api/admin/reservations","timestamp":"2026-04-08 00:22:43"}
{"level":"error","message":"404 - Route /api/admin/menu not found. - /api/admin/menu","timestamp":"2026-04-08 00:22:44"}
{"level":"error","message":"404 - Route /api/admin/menu not found. - /api/admin/menu","timestamp":"2026-04-08 00:22:44"}
{"level":"error","message":"404 - Route /api/admin/reservations not found. - /api/admin/reservations","timestamp":"2026-04-08 00:22:45"}
{"level":"error","message":"404 - Route /api/admin/reservations not found. - /api/admin/reservations","timestamp":"2026-04-08 00:22:45"}
{"level":"error","message":"404 - Route /api/admin/analytics not found. - /api/admin/analytics","timestamp":"2026-04-08 00:22:45"}
{"level":"error","message":"404 - Route /api/admin/analytics not found. - /api/admin/analytics","timestamp":"2026-04-08 00:22:45"}
{"level":"error","message":"404 - Route /api/admin/analytics not found. - /api/admin/analytics","timestamp":"2026-04-08 00:27:24"}
{"level":"error","message":"404 - Route /api/admin/reservations not found. - /api/admin/reservations","timestamp":"2026-04-08 00:27:25"}
{"level":"error","message":"404 - Route /api/admin/reservations not found. - /api/admin/reservations","timestamp":"2026-04-08 00:30:05"}
{"level":"error","message":"404 - Route /api/admin/analytics not found. - /api/admin/analytics","timestamp":"2026-04-08 00:30:05"}
{"level":"error","message":"404 - Route /api/admin/reservations not found. - /api/admin/reservations","timestamp":"2026-04-08 00:30:05"}
{"level":"error","message":"404 - Route /api/admin/analytics not found. - /api/admin/analytics","timestamp":"2026-04-08 00:30:05"}
{"level":"error","message":"404 - Route /api/admin/reservations not found. - /api/admin/reservations","timestamp":"2026-04-08 00:30:07"}
{"level":"error","message":"404 - Route /api/admin/reservations not found. - /api/admin/reservations","timestamp":"2026-04-08 00:30:07"}
{"level":"error","message":"404 - Route /api/admin/menu not found. - /api/admin/menu","timestamp":"2026-04-08 00:30:08"}
{"level":"error","message":"404 - Route /api/admin/menu not found. - /api/admin/menu","timestamp":"2026-04-08 00:30:09"}
{"level":"error","message":"404 - Route /api/admin/analytics not found. - /api/admin/analytics","timestamp":"2026-04-08 00:30:10"}
{"level":"error","message":"404 - Route /api/admin/analytics not found. - /api/admin/analytics","timestamp":"2026-04-08 00:30:10"}
{"level":"error","message":"404 - Route /api/admin/analytics not found. - /api/admin/analytics","timestamp":"2026-04-08 00:30:11"}
{"level":"error","message":"404 - Route /api/admin/reservations not found. - /api/admin/reservations","timestamp":"2026-04-08 00:30:11"}
{"level":"error","message":"404 - Route /api/admin/analytics not found. - /api/admin/analytics","timestamp":"2026-04-08 00:30:11"}
{"level":"error","message":"404 - Route /api/admin/reservations not found. - /api/admin/reservations","timestamp":"2026-04-08 00:30:11"}
{"level":"error","message":"404 - Route /api/admin/reservations not found. - /api/admin/reservations","timestamp":"2026-04-08 00:31:40"}
{"level":"error","message":"404 - Route /api/admin/reservations not found. - /api/admin/reservations","timestamp":"2026-04-08 00:31:40"}
{"level":"error","message":"404 - Route /api/admin/menu not found. - /api/admin/menu","timestamp":"2026-04-08 00:31:41"}
{"level":"error","message":"404 - Route /api/admin/menu not found. - /api/admin/menu","timestamp":"2026-04-08 00:31:41"}
{"level":"error","message":"404 - Route /api/admin/analytics not found. - /api/admin/analytics","timestamp":"2026-04-08 00:31:41"}
{"level":"error","message":"404 - Route /api/admin/analytics not found. - /api/admin/analytics","timestamp":"2026-04-08 00:31:41"}
{"level":"error","message":"404 - Route /api/admin/menu not found. - /api/admin/menu","timestamp":"2026-04-08 00:31:42"}
{"level":"error","message":"404 - Route /api/admin/menu not found. - /api/admin/menu","timestamp":"2026-04-08 00:31:42"}
{"level":"error","message":"404 - Route /api/admin/reservations not found. - /api/admin/reservations","timestamp":"2026-04-08 00:31:42"}
{"level":"error","message":"404 - Route /api/admin/reservations not found. - /api/admin/reservations","timestamp":"2026-04-08 00:31:42"}
{"level":"error","message":"404 - Route /api/admin/analytics not found. - /api/admin/analytics","timestamp":"2026-04-08 00:31:43"}
{"level":"error","message":"404 - Route /api/admin/reservations not found. - /api/admin/reservations","timestamp":"2026-04-08 00:31:43"}
{"level":"error","message":"404 - Route /api/admin/reservations not found. - /api/admin/reservations","timestamp":"2026-04-08 00:31:43"}
{"level":"error","message":"404 - Route /api/admin/analytics not found. - /api/admin/analytics","timestamp":"2026-04-08 00:31:43"}
{"level":"error","message":"404 - Route /api/admin/reservations not found. - /api/admin/reservations","timestamp":"2026-04-08 00:31:43"}
{"level":"error","message":"404 - Route /api/admin/reservations not found. - /api/admin/reservations","timestamp":"2026-04-08 00:31:43"}
{"level":"error","message":"404 - Route /api/admin/analytics not found. - /api/admin/analytics","timestamp":"2026-04-08 00:31:44"}
{"level":"error","message":"404 - Route /api/admin/analytics not found. - /api/admin/analytics","timestamp":"2026-04-08 00:31:44"}
{"level":"error","message":"404 - Route /api/admin/reservations not found. - /api/admin/reservations","timestamp":"2026-04-08 00:31:45"}
{"level":"error","message":"404 - Route /api/admin/reservations not found. - /api/admin/reservations","timestamp":"2026-04-08 00:31:45"}
{"level":"error","message":"404 - Route /api/admin/reservations not found. - /api/admin/reservations","timestamp":"2026-04-08 00:31:46"}
{"level":"error","message":"404 - Route /api/admin/analytics not found. - /api/admin/analytics","timestamp":"2026-04-08 00:31:46"}
{"level":"error","message":"404 - Route /api/admin/reservations not found. - /api/admin/reservations","timestamp":"2026-04-08 00:31:46"}
{"level":"error","message":"404 - Route /api/admin/analytics not found. - /api/admin/analytics","timestamp":"2026-04-08 00:31:46"}
{"level":"error","message":"404 - Route /api/admin/analytics not found. - /api/admin/analytics","timestamp":"2026-04-08 00:33:26"}
{"level":"error","message":"404 - Route /api/admin/reservations not found. - /api/admin/reservations","timestamp":"2026-04-08 00:33:26"}
{"level":"error","message":"404 - Route /api/admin/reservations not found. - /api/admin/reservations","timestamp":"2026-04-08 00:33:26"}
{"level":"error","message":"404 - Route /api/admin/analytics not found. - /api/admin/analytics","timestamp":"2026-04-08 00:33:26"}
{"level":"error","message":"400 - An account with this email already exists. - /api/restaurants/69a5d24873b432ee883c2a7d/create-admin","timestamp":"2026-04-08 00:36:07"}
{"level":"error","message":"404 - Route /api/admin/my-restaurant not found. - /api/admin/my-restaurant","timestamp":"2026-04-08 00:50:21"}
{"level":"error","message":"404 - Route /api/admin/my-restaurant not found. - /api/admin/my-restaurant","timestamp":"2026-04-08 00:50:22"}
{"level":"error","message":"404 - Route /api/admin/tables not found. - /api/admin/tables","timestamp":"2026-04-08 00:50:43"}
{"level":"error","message":"404 - Route /api/admin/tables not found. - /api/admin/tables","timestamp":"2026-04-08 00:50:44"}
{"level":"error","message":"404 - Route /api/admin/reservations/69d4ea96d44cd246bf545325/notify not found. - /api/admin/reservations/69d4ea96d44cd246bf545325/notify","timestamp":"2026-04-08 00:51:07"}
{"level":"error","message":"404 - Route /api/admin/my-restaurant not found. - /api/admin/my-restaurant","timestamp":"2026-04-08 00:51:21"}
{"level":"error","message":"404 - Route /api/admin/my-restaurant not found. - /api/admin/my-restaurant","timestamp":"2026-04-08 00:51:21"}
{"level":"error","message":"Email send failed: Invalid login: 535-5.7.8 Username and Password not accepted. For more information, go to\n535 5.7.8  https://support.google.com/mail/?p=BadCredentials d9443c01a7336-2b274779b48sm249311065ad.25 - gsmtp","timestamp":"2026-04-08 00:52:09"}
{"level":"error","message":"404 - Route /api/admin/my-restaurant not found. - /api/admin/my-restaurant","timestamp":"2026-04-08 00:52:45"}
{"level":"error","message":"404 - Route /api/admin/my-restaurant not found. - /api/admin/my-restaurant","timestamp":"2026-04-08 00:52:45"}
{"level":"error","message":"404 - Route /api/admin/reservations/69d4ea96d44cd246bf545325/status not found. - /api/admin/reservations/69d4ea96d44cd246bf545325/status","timestamp":"2026-04-08 00:53:09"}
{"level":"error","message":"404 - Route /api/admin/reservations/69d5595fd0b2b3f8cdb6017b/status not found. - /api/admin/reservations/69d5595fd0b2b3f8cdb6017b/status","timestamp":"2026-04-08 00:53:13"}
{"level":"error","message":"404 - Route /api/admin/tables not found. - /api/admin/tables","timestamp":"2026-04-08 00:53:24"}
{"level":"error","message":"404 - Route /api/admin/tables not found. - /api/admin/tables","timestamp":"2026-04-08 00:53:25"}
{"level":"error","message":"404 - Route /api/admin/tables not found. - /api/admin/tables","timestamp":"2026-04-08 00:53:28"}
{"level":"error","message":"404 - Route /api/admin/tables not found. - /api/admin/tables","timestamp":"2026-04-08 00:53:28"}
{"level":"error","message":"404 - Route /api/admin/my-restaurant not found. - /api/admin/my-restaurant","timestamp":"2026-04-08 00:53:30"}
{"level":"error","message":"404 - Route /api/admin/my-restaurant not found. - /api/admin/my-restaurant","timestamp":"2026-04-08 00:53:30"}
{"level":"error","message":"404 - Route /api/admin/tables not found. - /api/admin/tables","timestamp":"2026-04-08 00:53:33"}
{"level":"error","message":"404 - Route /api/admin/tables not found. - /api/admin/tables","timestamp":"2026-04-08 00:53:33"}
{"level":"error","message":"404 - Route /api/admin/my-restaurant not found. - /api/admin/my-restaurant","timestamp":"2026-04-08 00:54:05"}
{"level":"error","message":"404 - Route /api/admin/my-restaurant not found. - /api/admin/my-restaurant","timestamp":"2026-04-08 00:54:05"}
{"level":"error","message":"404 - Route /api/admin/my-restaurant not found. - /api/admin/my-restaurant","timestamp":"2026-04-08 00:54:15"}
{"level":"error","message":"404 - Route /api/admin/my-restaurant not found. - /api/admin/my-restaurant","timestamp":"2026-04-08 00:54:15"}
{"level":"error","message":"401 - Invalid email or password. - /api/auth/login","timestamp":"2026-04-08 00:55:06"}
{"level":"error","message":"401 - Invalid email or password. - /api/auth/login","timestamp":"2026-04-08 00:55:11"}
{"level":"info","message":"Email sent: <e5990acf-588a-ea78-d70c-a5232c053fea@tablemint.com>","timestamp":"2026-04-08 01:09:20"}
{"level":"error","message":"400 - Not enough seats. Maximum capacity is 2. - /api/reservations","timestamp":"2026-04-08 01:11:26"}
{"level":"info","message":"Email sent: <b93abaa4-7275-b051-b282-835b1d61e74b@tablemint.com>","timestamp":"2026-04-08 01:11:45"}
{"level":"info","message":"Email sent: <ca625243-e7c2-a6b9-49b5-7c68857d3b0e@tablemint.com>","timestamp":"2026-04-08 01:16:46"}
